<?xml version="1.0" encoding="UTF-8"?>
<!-- Generated by org.testng.reporters.JUnitXMLReporter -->
<testsuite ignored="0" hostname="DESKTOP-LJUP405" failures="1" tests="1" name="Test3" time="47.679" errors="0" timestamp="2025-01-08T11:18:48 IST">
  <testcase classname="testCases.Test_OnlineAdmisson" name="onlineadm" time="6.129">
    <failure type="org.openqa.selenium.InvalidArgumentException" message="File not found: C://Users//RESBEE-218//Downloads//argentino-barcelona-celebracion-futbolista-wallpaper-preview.jpg
Build info: version: &amp;apos;4.22.0&amp;apos;, revision: &amp;apos;c5f3146703*&amp;apos;
System info: os.name: &amp;apos;Windows 11&amp;apos;, os.arch: &amp;apos;amd64&amp;apos;, os.version: &amp;apos;10.0&amp;apos;, java.version: &amp;apos;21.0.5&amp;apos;
Driver info: org.openqa.selenium.firefox.FirefoxDriver
Command: [d80fb63b-261a-4442-bb5f-0a4ae2468772, sendKeysToElement {value=[Ljava.lang.CharSequence;@3aa0b8f4, id=70e504c7-d0ad-41aa-8e58-7b4e9828ee4d}]
Capabilities {acceptInsecureCerts: true, browserName: firefox, browserVersion: 134.0, moz:accessibilityChecks: false, moz:buildID: 20241230151726, moz:debuggerAddress: 127.0.0.1:33729, moz:geckodriverVersion: 0.35.0, moz:headless: false, moz:platformVersion: 10.0, moz:processID: 12376, moz:profile: C:\Users\RESBEE~1\AppData\L..., moz:shutdownTimeout: 60000, moz:webdriverClick: true, moz:windowless: false, pageLoadStrategy: normal, platformName: windows, proxy: Proxy(), se:cdp: ws://127.0.0.1:33729/devtoo..., se:cdpVersion: 85.0, setWindowRect: true, strictFileInteractability: false, timeouts: {implicit: 0, pageLoad: 300000, script: 30000}, unhandledPromptBehavior: dismiss and notify, userAgent: Mozilla/5.0 (Windows NT 10....}
Element: [[FirefoxDriver: firefox on windows (d80fb63b-261a-4442-bb5f-0a4ae2468772)] -&amp;gt; xpath: //input[@id=&amp;apos;newProfilePhoto&amp;apos;]]
Session ID: d80fb63b-261a-4442-bb5f-0a4ae2468772">
      <![CDATA[org.openqa.selenium.InvalidArgumentException: File not found: C://Users//RESBEE-218//Downloads//argentino-barcelona-celebracion-futbolista-wallpaper-preview.jpg
Build info: version: '4.22.0', revision: 'c5f3146703*'
System info: os.name: 'Windows 11', os.arch: 'amd64', os.version: '10.0', java.version: '21.0.5'
Driver info: org.openqa.selenium.firefox.FirefoxDriver
Command: [d80fb63b-261a-4442-bb5f-0a4ae2468772, sendKeysToElement {value=[Ljava.lang.CharSequence;@3aa0b8f4, id=70e504c7-d0ad-41aa-8e58-7b4e9828ee4d}]
Capabilities {acceptInsecureCerts: true, browserName: firefox, browserVersion: 134.0, moz:accessibilityChecks: false, moz:buildID: 20241230151726, moz:debuggerAddress: 127.0.0.1:33729, moz:geckodriverVersion: 0.35.0, moz:headless: false, moz:platformVersion: 10.0, moz:processID: 12376, moz:profile: C:\Users\RESBEE~1\AppData\L..., moz:shutdownTimeout: 60000, moz:webdriverClick: true, moz:windowless: false, pageLoadStrategy: normal, platformName: windows, proxy: Proxy(), se:cdp: ws://127.0.0.1:33729/devtoo..., se:cdpVersion: 85.0, setWindowRect: true, strictFileInteractability: false, timeouts: {implicit: 0, pageLoad: 300000, script: 30000}, unhandledPromptBehavior: dismiss and notify, userAgent: Mozilla/5.0 (Windows NT 10....}
Element: [[FirefoxDriver: firefox on windows (d80fb63b-261a-4442-bb5f-0a4ae2468772)] -> xpath: //input[@id='newProfilePhoto']]
Session ID: d80fb63b-261a-4442-bb5f-0a4ae2468772
at org.openqa.selenium.remote.ErrorCodec.decode(ErrorCodec.java:167)
at org.openqa.selenium.remote.codec.w3c.W3CHttpResponseCodec.decode(W3CHttpResponseCodec.java:138)
at org.openqa.selenium.remote.codec.w3c.W3CHttpResponseCodec.decode(W3CHttpResponseCodec.java:50)
at org.openqa.selenium.remote.HttpCommandExecutor.execute(HttpCommandExecutor.java:190)
at org.openqa.selenium.remote.service.DriverCommandExecutor.invokeExecute(DriverCommandExecutor.java:216)
at org.openqa.selenium.remote.service.DriverCommandExecutor.execute(DriverCommandExecutor.java:174)
at org.openqa.selenium.remote.RemoteWebDriver.execute(RemoteWebDriver.java:518)
at org.openqa.selenium.remote.RemoteWebElement.execute(RemoteWebElement.java:223)
at org.openqa.selenium.remote.RemoteWebElement.sendKeys(RemoteWebElement.java:110)
at org.openqa.selenium.support.pagefactory.internal.LocatingElementHandler.invoke(LocatingElementHandler.java:51)
at jdk.proxy2/jdk.proxy2.$Proxy15.sendKeys(Unknown Source)
at pageObjects.OnlineAdmission.profilepic(OnlineAdmission.java:79)
at testCases.Test_OnlineAdmisson.onlineadm(Test_OnlineAdmisson.java:35)
at java.base/java.util.ArrayList.forEach(ArrayList.java:1596)
at java.base/java.util.concurrent.FutureTask.run(FutureTask.java:317)
at java.base/java.util.concurrent.ThreadPoolExecutor.runWorker(ThreadPoolExecutor.java:1144)
at java.base/java.util.concurrent.ThreadPoolExecutor$Worker.run(ThreadPoolExecutor.java:642)
at java.base/java.lang.Thread.run(Thread.java:1583)
... Removed 21 stack frames]]>
    </failure>
  </testcase> <!-- onlineadm -->
</testsuite> <!-- Test3 -->
