<?xml version="1.0" encoding="UTF-8"?>
<!-- Generated by org.testng.reporters.JUnitXMLReporter -->
<testsuite ignored="0" hostname="DESKTOP-LJUP405" failures="1" tests="1" name="Test(failed)" time="28.7" errors="0" timestamp="2025-01-03T11:55:43 IST">
  <testcase classname="testCases.Test_LoginPage" name="Login" time="19.638">
    <failure type="java.lang.AssertionError" message="expected [true] but found [false]">
      <![CDATA[java.lang.AssertionError: expected [true] but found [false]
at testCases.Test_LoginPage.Login(Test_LoginPage.java:34)
at java.base/java.util.ArrayList.forEach(ArrayList.java:1597)
... Removed 29 stack frames]]>
    </failure>
  </testcase> <!-- Login -->
</testsuite> <!-- Test(failed) -->
