<?xml version="1.0" encoding="UTF-8"?>
<testng-results ignored="0" total="1" passed="1" failed="0" skipped="0">
  <reporter-output>
  </reporter-output>
  <suite started-at="2025-01-04T13:35:49 IST" name="Suite" finished-at="2025-01-04T13:36:47 IST" duration-ms="57799">
    <groups>
      <group name="Sanity">
        <method signature="Test_LoginPage.Login()[pri:0, instance:testCases.Test_LoginPage@131774fe]" name="Login" class="testCases.Test_LoginPage"/>
      </group> <!-- Sanity -->
      <group name="master">
        <method signature="Test_LoginPage.Login()[pri:0, instance:testCases.Test_LoginPage@131774fe]" name="Login" class="testCases.Test_LoginPage"/>
      </group> <!-- master -->
    </groups>
    <test started-at="2025-01-04T13:35:49 IST" name="Test" finished-at="2025-01-04T13:36:47 IST" duration-ms="57799">
      <class name="testCases.Test_LoginPage">
        <test-method is-config="true" signature="setup(java.lang.String,java.lang.String)[pri:0, instance:testCases.Test_LoginPage@131774fe]" started-at="2025-01-04T13:35:49 IST" name="setup" finished-at="2025-01-04T13:35:56 IST" duration-ms="6247" status="PASS">
          <params>
            <param index="0">
              <value>
                <![CDATA[Windows]]>
              </value>
            </param>
            <param index="1">
              <value>
                <![CDATA[chrome]]>
              </value>
            </param>
          </params>
          <reporter-output>
          </reporter-output>
        </test-method> <!-- setup -->
        <test-method signature="Login()[pri:0, instance:testCases.Test_LoginPage@131774fe]" started-at="2025-01-04T13:35:56 IST" name="Login" finished-at="2025-01-04T13:36:47 IST" duration-ms="51143" status="PASS">
          <reporter-output>
          </reporter-output>
        </test-method> <!-- Login -->
        <test-method is-config="true" signature="teardown()[pri:0, instance:testCases.Test_LoginPage@131774fe]" started-at="2025-01-04T13:36:47 IST" name="teardown" finished-at="2025-01-04T13:36:47 IST" duration-ms="206" status="PASS">
          <reporter-output>
          </reporter-output>
        </test-method> <!-- teardown -->
      </class> <!-- testCases.Test_LoginPage -->
    </test> <!-- Test -->
  </suite> <!-- Suite -->
</testng-results>
