<?xml version="1.0" encoding="UTF-8"?>
<testng-results ignored="0" total="3" passed="2" failed="1" skipped="0">
  <reporter-output>
  </reporter-output>
  <suite started-at="2025-04-10T18:46:51 IST" name="Suite" finished-at="2025-04-10T18:48:28 IST" duration-ms="97348">
    <groups>
    </groups>
    <test started-at="2025-04-10T18:46:51 IST" name="Test" finished-at="2025-04-10T18:48:28 IST" duration-ms="97348">
      <class name="testCases.MultipleAddStudent">
        <test-method is-config="true" signature="setup(java.lang.String,java.lang.String)[pri:0, instance:testCases.MultipleAddStudent@48f2bd5b]" started-at="2025-04-10T18:46:51 IST" name="setup" finished-at="2025-04-10T18:46:57 IST" duration-ms="6491" status="PASS">
          <params>
            <param index="0">
              <value>
                <![CDATA[Windows]]>
              </value>
            </param>
            <param index="1">
              <value>
                <![CDATA[chrome]]>
              </value>
            </param>
          </params>
          <reporter-output>
          </reporter-output>
        </test-method> <!-- setup -->
        <test-method is-config="true" signature="loginToAdmin()[pri:0, instance:testCases.MultipleAddStudent@48f2bd5b]" started-at="2025-04-10T18:46:57 IST" name="loginToAdmin" finished-at="2025-04-10T18:47:14 IST" duration-ms="16399" status="PASS">
          <reporter-output>
          </reporter-output>
        </test-method> <!-- loginToAdmin -->
        <test-method signature="addstudent(java.lang.String,java.lang.String,java.lang.String,java.lang.String,java.lang.String,java.lang.String,java.lang.String,java.lang.String,java.lang.String,java.lang.String,java.lang.String,java.lang.String)[pri:0, instance:testCases.MultipleAddStudent@48f2bd5b]" started-at="2025-04-10T18:47:14 IST" name="addstudent" data-provider="studentData" finished-at="2025-04-10T18:47:50 IST" duration-ms="35843" status="PASS">
          <params>
            <param index="0">
              <value>
                <![CDATA[Marchelle]]>
              </value>
            </param>
            <param index="1">
              <value>
                <![CDATA[Boyce]]>
              </value>
            </param>
            <param index="2">
              <value>
                <![CDATA[Champlin]]>
              </value>
            </param>
            <param index="3">
              <value>
                <![CDATA[Reid]]>
              </value>
            </param>
            <param index="4">
              <value>
                <![CDATA[Melanie]]>
              </value>
            </param>
            <param index="5">
              <value>
                <![CDATA[Schmeler]]>
              </value>
            </param>
            <param index="6">
              <value>
                <![CDATA[Christopher]]>
              </value>
            </param>
            <param index="7">
              <value>
                <![CDATA[Walter]]>
              </value>
            </param>
            <param index="8">
              <value>
                <![CDATA[Yost]]>
              </value>
            </param>
            <param index="9">
              <value>
                <![CDATA[arie.russel@hotmail.com]]>
              </value>
            </param>
            <param index="10">
              <value>
                <![CDATA[958279970]]>
              </value>
            </param>
            <param index="11">
              <value>
                <![CDATA[39]]>
              </value>
            </param>
          </params>
          <reporter-output>
          </reporter-output>
        </test-method> <!-- addstudent -->
        <test-method signature="addstudent(java.lang.String,java.lang.String,java.lang.String,java.lang.String,java.lang.String,java.lang.String,java.lang.String,java.lang.String,java.lang.String,java.lang.String,java.lang.String,java.lang.String)[pri:0, instance:testCases.MultipleAddStudent@48f2bd5b]" started-at="2025-04-10T18:47:50 IST" name="addstudent" data-provider="studentData" finished-at="2025-04-10T18:47:53 IST" duration-ms="3490" status="FAIL">
          <params>
            <param index="0">
              <value>
                <![CDATA[Madlyn]]>
              </value>
            </param>
            <param index="1">
              <value>
                <![CDATA[Celesta]]>
              </value>
            </param>
            <param index="2">
              <value>
                <![CDATA[Strosin]]>
              </value>
            </param>
            <param index="3">
              <value>
                <![CDATA[Sandy]]>
              </value>
            </param>
            <param index="4">
              <value>
                <![CDATA[Brady]]>
              </value>
            </param>
            <param index="5">
              <value>
                <![CDATA[Bauch]]>
              </value>
            </param>
            <param index="6">
              <value>
                <![CDATA[Keva]]>
              </value>
            </param>
            <param index="7">
              <value>
                <![CDATA[Melony]]>
              </value>
            </param>
            <param index="8">
              <value>
                <![CDATA[Oberbrunner]]>
              </value>
            </param>
            <param index="9">
              <value>
                <![CDATA[lucienne.wisozk@gmail.com]]>
              </value>
            </param>
            <param index="10">
              <value>
                <![CDATA[990295761]]>
              </value>
            </param>
            <param index="11">
              <value>
                <![CDATA[20]]>
              </value>
            </param>
          </params>
          <exception class="org.openqa.selenium.StaleElementReferenceException">
            <message>
              <![CDATA[stale element reference: stale element not found
  (Session info: chrome=135.0.7049.42)
For documentation on this error, please visit: https://www.selenium.dev/documentation/webdriver/troubleshooting/errors#stale-element-reference-exception
Build info: version: '4.22.0', revision: 'c5f3146703*'
System info: os.name: 'Windows 11', os.arch: 'amd64', os.version: '10.0', java.version: '21.0.5'
Driver info: org.openqa.selenium.chrome.ChromeDriver
Command: [77353fa01607b8458ed8851ed3c4a82b, clickElement {id=f.8576E28274161B7EBA5C8E18DECA1E26.d.5A45C19E74D4ECDE0FD5774D8369C3A0.e.1380}]
Capabilities {acceptInsecureCerts: false, browserName: chrome, browserVersion: 135.0.7049.42, chrome: {chromedriverVersion: 135.0.7049.84 (6c019e560019..., userDataDir: C:\Users\RESBEE~1\AppData\L...}, fedcm:accounts: true, goog:chromeOptions: {debuggerAddress: localhost:64405}, networkConnectionEnabled: false, pageLoadStrategy: normal, platformName: windows, proxy: Proxy(), se:cdp: ws://localhost:64405/devtoo..., se:cdpVersion: 135.0.7049.42, setWindowRect: true, strictFileInteractability: false, timeouts: {implicit: 0, pageLoad: 300000, script: 30000}, unhandledPromptBehavior: dismiss and notify, webauthn:extension:credBlob: true, webauthn:extension:largeBlob: true, webauthn:extension:minPinLength: true, webauthn:extension:prf: true, webauthn:virtualAuthenticators: true}
Element: [[ChromeDriver: chrome on windows (77353fa01607b8458ed8851ed3c4a82b)] -> xpath: //span[normalize-space()='Student']]
Session ID: 77353fa01607b8458ed8851ed3c4a82b]]>
            </message>
            <full-stacktrace>
              <![CDATA[org.openqa.selenium.StaleElementReferenceException: stale element reference: stale element not found
  (Session info: chrome=135.0.7049.42)
For documentation on this error, please visit: https://www.selenium.dev/documentation/webdriver/troubleshooting/errors#stale-element-reference-exception
Build info: version: '4.22.0', revision: 'c5f3146703*'
System info: os.name: 'Windows 11', os.arch: 'amd64', os.version: '10.0', java.version: '21.0.5'
Driver info: org.openqa.selenium.chrome.ChromeDriver
Command: [77353fa01607b8458ed8851ed3c4a82b, clickElement {id=f.8576E28274161B7EBA5C8E18DECA1E26.d.5A45C19E74D4ECDE0FD5774D8369C3A0.e.1380}]
Capabilities {acceptInsecureCerts: false, browserName: chrome, browserVersion: 135.0.7049.42, chrome: {chromedriverVersion: 135.0.7049.84 (6c019e560019..., userDataDir: C:\Users\RESBEE~1\AppData\L...}, fedcm:accounts: true, goog:chromeOptions: {debuggerAddress: localhost:64405}, networkConnectionEnabled: false, pageLoadStrategy: normal, platformName: windows, proxy: Proxy(), se:cdp: ws://localhost:64405/devtoo..., se:cdpVersion: 135.0.7049.42, setWindowRect: true, strictFileInteractability: false, timeouts: {implicit: 0, pageLoad: 300000, script: 30000}, unhandledPromptBehavior: dismiss and notify, webauthn:extension:credBlob: true, webauthn:extension:largeBlob: true, webauthn:extension:minPinLength: true, webauthn:extension:prf: true, webauthn:virtualAuthenticators: true}
Element: [[ChromeDriver: chrome on windows (77353fa01607b8458ed8851ed3c4a82b)] -> xpath: //span[normalize-space()='Student']]
Session ID: 77353fa01607b8458ed8851ed3c4a82b
at java.base/jdk.internal.reflect.DirectConstructorHandleAccessor.newInstance(DirectConstructorHandleAccessor.java:62)
at java.base/java.lang.reflect.Constructor.newInstanceWithCaller(Constructor.java:502)
at java.base/java.lang.reflect.Constructor.newInstance(Constructor.java:486)
at org.openqa.selenium.remote.ErrorCodec.decode(ErrorCodec.java:167)
at org.openqa.selenium.remote.codec.w3c.W3CHttpResponseCodec.decode(W3CHttpResponseCodec.java:138)
at org.openqa.selenium.remote.codec.w3c.W3CHttpResponseCodec.decode(W3CHttpResponseCodec.java:50)
at org.openqa.selenium.remote.HttpCommandExecutor.execute(HttpCommandExecutor.java:190)
at org.openqa.selenium.remote.service.DriverCommandExecutor.invokeExecute(DriverCommandExecutor.java:216)
at org.openqa.selenium.remote.service.DriverCommandExecutor.execute(DriverCommandExecutor.java:174)
at org.openqa.selenium.remote.RemoteWebDriver.execute(RemoteWebDriver.java:518)
at org.openqa.selenium.remote.RemoteWebElement.execute(RemoteWebElement.java:223)
at org.openqa.selenium.remote.RemoteWebElement.click(RemoteWebElement.java:76)
at java.base/jdk.internal.reflect.DirectMethodHandleAccessor.invoke(DirectMethodHandleAccessor.java:103)
at java.base/java.lang.reflect.Method.invoke(Method.java:580)
at org.openqa.selenium.support.pagefactory.internal.LocatingElementHandler.invoke(LocatingElementHandler.java:51)
at jdk.proxy2/jdk.proxy2.$Proxy15.click(Unknown Source)
at pageObjects.AddStudent.student(AddStudent.java:30)
at testCases.MultipleAddStudent.addstudent(MultipleAddStudent.java:90)
at java.base/jdk.internal.reflect.DirectMethodHandleAccessor.invoke(DirectMethodHandleAccessor.java:103)
at java.base/java.lang.reflect.Method.invoke(Method.java:580)
at org.testng.internal.MethodInvocationHelper.invokeMethod(MethodInvocationHelper.java:133)
at org.testng.internal.TestInvoker.invokeMethod(TestInvoker.java:598)
at org.testng.internal.TestInvoker.invokeTestMethod(TestInvoker.java:173)
at org.testng.internal.MethodRunner.runInSequence(MethodRunner.java:46)
at org.testng.internal.TestInvoker$MethodInvocationAgent.invoke(TestInvoker.java:824)
at org.testng.internal.TestInvoker.invokeTestMethods(TestInvoker.java:146)
at org.testng.internal.TestMethodWorker.invokeTestMethods(TestMethodWorker.java:146)
at org.testng.internal.TestMethodWorker.run(TestMethodWorker.java:128)
at java.base/java.util.ArrayList.forEach(ArrayList.java:1596)
at org.testng.TestRunner.privateRun(TestRunner.java:794)
at org.testng.TestRunner.run(TestRunner.java:596)
at org.testng.SuiteRunner.runTest(SuiteRunner.java:377)
at org.testng.SuiteRunner.runSequentially(SuiteRunner.java:371)
at org.testng.SuiteRunner.privateRun(SuiteRunner.java:332)
at org.testng.SuiteRunner.run(SuiteRunner.java:276)
at org.testng.SuiteRunnerWorker.runSuite(SuiteRunnerWorker.java:53)
at org.testng.SuiteRunnerWorker.run(SuiteRunnerWorker.java:96)
at org.testng.TestNG.runSuitesSequentially(TestNG.java:1212)
at org.testng.TestNG.runSuitesLocally(TestNG.java:1134)
at org.testng.TestNG.runSuites(TestNG.java:1063)
at org.testng.TestNG.run(TestNG.java:1031)
at org.testng.remote.AbstractRemoteTestNG.run(AbstractRemoteTestNG.java:115)
at org.testng.remote.RemoteTestNG.initAndRun(RemoteTestNG.java:293)
at org.testng.remote.RemoteTestNG.main(RemoteTestNG.java:91)
]]>
            </full-stacktrace>
          </exception> <!-- org.openqa.selenium.StaleElementReferenceException -->
          <reporter-output>
          </reporter-output>
        </test-method> <!-- addstudent -->
        <test-method signature="addstudent(java.lang.String,java.lang.String,java.lang.String,java.lang.String,java.lang.String,java.lang.String,java.lang.String,java.lang.String,java.lang.String,java.lang.String,java.lang.String,java.lang.String)[pri:0, instance:testCases.MultipleAddStudent@48f2bd5b]" started-at="2025-04-10T18:47:53 IST" name="addstudent" data-provider="studentData" finished-at="2025-04-10T18:48:28 IST" duration-ms="34774" status="PASS">
          <params>
            <param index="0">
              <value>
                <![CDATA[Casey]]>
              </value>
            </param>
            <param index="1">
              <value>
                <![CDATA[Bradford]]>
              </value>
            </param>
            <param index="2">
              <value>
                <![CDATA[Feil]]>
              </value>
            </param>
            <param index="3">
              <value>
                <![CDATA[Alonzo]]>
              </value>
            </param>
            <param index="4">
              <value>
                <![CDATA[Leana]]>
              </value>
            </param>
            <param index="5">
              <value>
                <![CDATA[Skiles]]>
              </value>
            </param>
            <param index="6">
              <value>
                <![CDATA[Daine]]>
              </value>
            </param>
            <param index="7">
              <value>
                <![CDATA[Maynard]]>
              </value>
            </param>
            <param index="8">
              <value>
                <![CDATA[Johnston]]>
              </value>
            </param>
            <param index="9">
              <value>
                <![CDATA[kimberlee.mertz@gmail.com]]>
              </value>
            </param>
            <param index="10">
              <value>
                <![CDATA[962042982]]>
              </value>
            </param>
            <param index="11">
              <value>
                <![CDATA[61]]>
              </value>
            </param>
          </params>
          <reporter-output>
          </reporter-output>
        </test-method> <!-- addstudent -->
        <test-method is-config="true" signature="teardown()[pri:0, instance:testCases.MultipleAddStudent@48f2bd5b]" started-at="2025-04-10T18:48:28 IST" name="teardown" finished-at="2025-04-10T18:48:28 IST" duration-ms="0" status="PASS">
          <reporter-output>
          </reporter-output>
        </test-method> <!-- teardown -->
      </class> <!-- testCases.MultipleAddStudent -->
    </test> <!-- Test -->
  </suite> <!-- Suite -->
</testng-results>
